Drill Listing
=============
Drill: .00984  Tool: 1  Feed: 0  Speed: 0
X 1979503  Y 1578803
X 1985503  Y 1578803
X 1989503  Y 1586303
X 1994503  Y 1586303
X 1979503  Y 1591303
X 1979503  Y 1601303
X 1979503  Y 1611303
X 1979503  Y 1621303
X 1989503  Y 1629303
X 1989503  Y 1632303
X 1979503  Y 1632803
X 1983503  Y 1635303
X 1979503  Y 1637303
X 1983503  Y 1639803
X 1979503  Y 1641803
X 1983503  Y 1644303
X 1988003  Y 1647303
X 1979503  Y 1650803
X 1979503  Y 1660803
X 1996503  Y 1669303
X 1979503  Y 1670303
X 1996503  Y 1674303
X 1996503  Y 1679303
X 1996503  Y 1682303
X 1996503  Y 1694303
X 1996503  Y 1699303
X 1979503  Y 1701303
X 1996503  Y 1704303
X 1996503  Y 1709303
X 1979503  Y 1710803
X 1996503  Y 1714303
X 1996503  Y 1721303
X 1996503  Y 1733803
X 1979503  Y 1740303
X 1996503  Y 1744303
X 1979503  Y 1747303
X 1984503  Y 1757803
X 1995503  Y 1757803
X 1980503  Y 1759803
X 1984503  Y 1761803
X 1995503  Y 1761803
X 1999503  Y 1761803
X 2003503  Y 1761803
X 2011503  Y 1761803
X 2007503  Y 1761803
X 2015503  Y 1761803
X 2019503  Y 1761803
X 2009503  Y 1753803
X 2020003  Y 1753803
X 1999003  Y 1749303
X 2009503  Y 1746803
X 2020003  Y 1746803
X 2010003  Y 1738303
X 2020003  Y 1738303
X 2015003  Y 1738303
X 2010003  Y 1733303
X 2015003  Y 1733303
X 2020003  Y 1733303
X 2010003  Y 1728303
X 2015003  Y 1728303
X 2020003  Y 1728303
X 2010003  Y 1723303
X 2015003  Y 1723303
X 2020003  Y 1723303
X 2010003  Y 1718303
X 2015003  Y 1718303
X 2020003  Y 1718303
X 2009503  Y 1707803
X 2020003  Y 1707803
X 2009503  Y 1699803
X 2020003  Y 1699803
X 2014503  Y 1669303
X 2019003  Y 1664803
X 2015503  Y 1664803
X 2012003  Y 1664803
X 2008503  Y 1664803
X 1999003  Y 1664803
X 2019003  Y 1661303
X 2019003  Y 1657803
X 1998503  Y 1649803
X 1998503  Y 1646803
X 1998503  Y 1643803
X 2016003  Y 1636303
X 2021003  Y 1636303
X 2010003  Y 1635303
X 2000003  Y 1633303
X 2000003  Y 1629303
X 2010003  Y 1628803
X 2022503  Y 1627803
X 2019003  Y 1627803
X 2022503  Y 1624803
X 2019003  Y 1624803
X 2000003  Y 1621303
X 2019003  Y 1621303
X 2022503  Y 1621303
X 2019003  Y 1618303
X 2022503  Y 1618303
X 2010003  Y 1617303
X 2000003  Y 1617303
X 2000003  Y 1613803
X 2020503  Y 1608303
X 2005503  Y 1601803
X 2020844  Y 1601045
X 2002503  Y 1593803
X 1999003  Y 1578803
X 2043503  Y 1578803
X 2029003  Y 1600303
X 2032003  Y 1600303
X 2024503  Y 1600803
X 2032503  Y 1604303
X 2039003  Y 1604803
X 2044503  Y 1604803
X 2035503  Y 1606803
X 2026003  Y 1608303
X 2032503  Y 1608303
X 2046503  Y 1608303
X 2039503  Y 1609303
X 2035503  Y 1609803
X 2032503  Y 1611803
X 2035503  Y 1613803
X 2026003  Y 1618303
X 2029003  Y 1618303
X 2043003  Y 1618803
X 2026003  Y 1621303
X 2029003  Y 1621303
X 2043003  Y 1623303
X 2026003  Y 1624803
X 2029003  Y 1624803
X 2026003  Y 1627803
X 2029003  Y 1627803
X 2036503  Y 1628803
X 2046003  Y 1629303
X 2031503  Y 1636303
X 2027003  Y 1636303
X 2024003  Y 1636303
X 2038503  Y 1639803
X 2034003  Y 1639803
X 2032003  Y 1663303
X 2043503  Y 1664303
X 2045503  Y 1665803
X 2034003  Y 1669303
X 2023503  Y 1678303
X 2030003  Y 1699803
X 2040003  Y 1699803
X 2030003  Y 1707803
X 2040003  Y 1707803
X 2025003  Y 1718303
X 2030003  Y 1718303
X 2040003  Y 1723303
X 2025003  Y 1723303
X 2030003  Y 1723303
X 2030003  Y 1728303
X 2025003  Y 1728303
X 2025003  Y 1733303
X 2030003  Y 1733303
X 2040003  Y 1733303
X 2030003  Y 1738303
X 2025003  Y 1738303
X 2043503  Y 1738803
X 2045503  Y 1743803
X 2040003  Y 1746803
X 2030003  Y 1746803
X 2030003  Y 1753803
X 2040003  Y 1753803
X 2023503  Y 1761803
X 2031503  Y 1761803
X 2027503  Y 1761803
X 2039503  Y 1761803
X 2043503  Y 1761803
X 2035503  Y 1761803
X 2047503  Y 1761803
X 2051503  Y 1761803
X 2063003  Y 1761803
X 2067503  Y 1761803
X 2051503  Y 1757803
X 2063003  Y 1757303
X 2067503  Y 1757303
X 2067503  Y 1750303
X 2049003  Y 1733303
X 2049003  Y 1723303
X 2067503  Y 1720803
X 2051003  Y 1719303
X 2051003  Y 1714303
X 2067503  Y 1711303
X 2051003  Y 1709303
X 2067503  Y 1707303
X 2051003  Y 1704303
X 2051003  Y 1699303
X 2051003  Y 1694303
X 2051003  Y 1689303
X 2051003  Y 1682303
X 2051003  Y 1679303
X 2050503  Y 1674303
X 2067503  Y 1670803
X 2048503  Y 1669303
X 2067503  Y 1660803
X 2067503  Y 1650803
X 2063003  Y 1645303
X 2060503  Y 1642783
X 2067503  Y 1640803
X 2063003  Y 1635303
X 2067503  Y 1630803
X 2063003  Y 1625303
X 2067503  Y 1620303
X 2059003  Y 1619303
X 2067503  Y 1610803
X 2059003  Y 1609803
X 2067503  Y 1601303
X 2067503  Y 1590803
X 2057503  Y 1586303
X 2052503  Y 1586303
X 2049503  Y 1578803
X 2061003  Y 1578803
X 2067003  Y 1578803

Drill: .012  Tool: 2  Feed: 0  Speed: 0
X 2003503  Y 1582303
X 2009503  Y 1602303
X 1997003  Y 1607803
X 2002503  Y 1635803
X 2006503  Y 1635803
X 2005503  Y 1649303
X 2005503  Y 1652803
X 2003503  Y 1751303
X 2003503  Y 1754303
X 2037003  Y 1602303
X 2043503  Y 1582303

Drill: .02362  Tool: 3  Feed: 0  Speed: 0
X 2015529  Y 1590568
X 2031277  Y 1590568
X 2009624  Y 1580488 X 2009624  Y 1583637
X 2037183  Y 1580488 X 2037183  Y 1583637
X 2009624  Y 1595055 X 2009624  Y 1598204
X 2037183  Y 1595055 X 2037183  Y 1598204

Drill: .03543  Tool: 4  Feed: 0  Speed: 0
X 1973403  Y 1579883
X 1973403  Y 1589883
X 1973403  Y 1599883
X 1973403  Y 1609883
X 1973403  Y 1619883
X 1973403  Y 1629883
X 1973403  Y 1639883
X 1973403  Y 1649883
X 1973403  Y 1659883
X 1973403  Y 1669883
X 1973403  Y 1679883
X 1973403  Y 1689883
X 1973403  Y 1699883
X 1973403  Y 1709883
X 1973403  Y 1719883
X 1973403  Y 1729883
X 1973403  Y 1739883
X 1973403  Y 1749883
X 1973403  Y 1759883
X 2073403  Y 1759883
X 2073403  Y 1749883
X 2073403  Y 1739883
X 2073403  Y 1729883
X 2073403  Y 1719883
X 2073403  Y 1709883
X 2073403  Y 1699883
X 2073403  Y 1689883
X 2073403  Y 1679883
X 2073403  Y 1669883
X 2073403  Y 1659883
X 2073403  Y 1649883
X 2073403  Y 1639883
X 2073403  Y 1629883
X 2073403  Y 1619883
X 2073403  Y 1609883
X 2073403  Y 1599883
X 2073403  Y 1589883
X 2073403  Y 1579883

End of Listing
